Arguments: 
  /home/ivan/.nvm/versions/node/v16.13.1/bin/node /home/ivan/.nvm/versions/node/v16.13.1/bin/yarn dev

PATH: 
  /home/ivan/bin:/home/ivan/.local/bin:./node_modules/.bin:/home/ivan/bin:/usr/local/sbin:/usr/local/bin:/home/ivan/.local/bin:/home/ivan/bin:/home/ivan/.nvm/versions/node/v16.13.1/bin:/usr/local/sbin:/usr/local/bin:/usr/sbin:/usr/bin:/sbin:/bin:/usr/games:/usr/local/games:/snap/bin:/home/ivan/.yarn/bin:/usr/local/go/bin

Yarn version: 
  1.22.17

Node version: 
  16.13.1

Platform: 
  linux x64

Trace: 
  SyntaxError: /home/ivan/dev/calculator/packages/common/package.json: Unexpected token d in JSON at position 118
      at JSON.parse (<anonymous>)
      at /home/ivan/.nvm/versions/node/v16.13.1/lib/node_modules/yarn/lib/cli.js:1625:59
      at Generator.next (<anonymous>)
      at step (/home/ivan/.nvm/versions/node/v16.13.1/lib/node_modules/yarn/lib/cli.js:310:30)
      at /home/ivan/.nvm/versions/node/v16.13.1/lib/node_modules/yarn/lib/cli.js:321:13

npm manifest: 
  {
      "name": "@calculator/common",
      "version": "1.0.0",
      "main": "dist/calculator-common.cjs.js",
      "types: "dist/declarations/dist/src/index.d.ts",
      "license": "MIT",
      "devDependencies": {
          "@babel/core": "^7.16.7",
          "@babel/preset-env": "^7.16.7",
          "@babel/preset-typescript": "^7.16.7",
          "@preconstruct/cli": "^2.1.5",
          "esbuild": "^0.14.11",
          "esbuild-jest": "^0.5.0",
          "jest": "^27.4.7",
          "typescript": "^4.5.4"
      },
      "scripts": {
          "prepare": "preconstruct build",
          "precommit": "preconstruct build",
          "build": "preconstruct build",
          "dev": "'The loop here is to restart preconstruct when it crashes because of bad code syntax'; while true; do preconstruct watch; sleep 1; done",
          "test": "jest"
      },
      "preconstruct": {
          "entrypoints": [
              "index.ts"
          ]
      }
  }

yarn manifest: 
  No manifest

Lockfile: 
  No lockfile
